Performing C SOURCE FILE Test CMAKE_HAVE_LIBC_PTHREAD failed with the following output:
Change Dir: /media/sf_OneDrive_-_Politechnika_dzka/III sem/SO2 - Projekty/Projekt_1_SO2/Client/cmake-build-debug/CMakeFiles/CMakeTmp

Run Build Command(s):/usr/bin/make -f Makefile cmTC_a6761/fast && /usr/bin/make  -f CMakeFiles/cmTC_a6761.dir/build.make CMakeFiles/cmTC_a6761.dir/build
make[1]: Entering directory '/media/sf_OneDrive_-_Politechnika_dzka/III sem/SO2 - Projekty/Projekt_1_SO2/Client/cmake-build-debug/CMakeFiles/CMakeTmp'
Building C object CMakeFiles/cmTC_a6761.dir/src.c.o
/usr/bin/cc -DCMAKE_HAVE_LIBC_PTHREAD   -o CMakeFiles/cmTC_a6761.dir/src.c.o -c "/media/sf_OneDrive_-_Politechnika_dzka/III sem/SO2 - Projekty/Projekt_1_SO2/Client/cmake-build-debug/CMakeFiles/CMakeTmp/src.c"
Linking C executable cmTC_a6761
/opt/clion/bin/cmake/linux/bin/cmake -E cmake_link_script CMakeFiles/cmTC_a6761.dir/link.txt --verbose=1
/usr/bin/cc CMakeFiles/cmTC_a6761.dir/src.c.o -o cmTC_a6761 
/usr/bin/ld: CMakeFiles/cmTC_a6761.dir/src.c.o: in function `main':
src.c:(.text+0x2f): undefined reference to `pthread_create'
/usr/bin/ld: src.c:(.text+0x3b): undefined reference to `pthread_detach'
/usr/bin/ld: src.c:(.text+0x47): undefined reference to `pthread_cancel'
/usr/bin/ld: src.c:(.text+0x58): undefined reference to `pthread_join'
collect2: error: ld returned 1 exit status
make[1]: *** [CMakeFiles/cmTC_a6761.dir/build.make:99: cmTC_a6761] Error 1
make[1]: Leaving directory '/media/sf_OneDrive_-_Politechnika_dzka/III sem/SO2 - Projekty/Projekt_1_SO2/Client/cmake-build-debug/CMakeFiles/CMakeTmp'
make: *** [Makefile:127: cmTC_a6761/fast] Error 2


Source file was:
#include <pthread.h>

static void* test_func(void* data)
{
  return data;
}

int main(void)
{
  pthread_t thread;
  pthread_create(&thread, NULL, test_func, NULL);
  pthread_detach(thread);
  pthread_cancel(thread);
  pthread_join(thread, NULL);
  pthread_atfork(NULL, NULL, NULL);
  pthread_exit(NULL);

  return 0;
}

